<?xml version="1.0" encoding="UTF-8"?>
<!-- Generated by org.testng.reporters.JUnitXMLReporter -->
<testsuite hostname="SuneelReddy-PC" name="Default test" tests="3" failures="0" timestamp="3 Dec 2016 19:44:11 GMT" time="0.108" errors="0">
  <testcase name="testCaseThree" time="0.032" classname="dataprovider.TestData"/>
  <testcase name="testCaseThree" time="0.011" classname="dataprovider.TestData"/>
  <testcase name="testCaseThree" time="0.006" classname="dataprovider.TestData"/>
</testsuite> <!-- Default test -->
