<?xml version="1.0" encoding="UTF-8"?>
<testng-results skipped="0" failed="0" total="3" passed="3">
  <reporter-output>
  </reporter-output>
  <suite name="Default suite" duration-ms="108" started-at="2016-12-03T19:44:10Z" finished-at="2016-12-03T19:44:10Z">
    <groups>
    </groups>
    <test name="Default test" duration-ms="108" started-at="2016-12-03T19:44:10Z" finished-at="2016-12-03T19:44:10Z">
      <class name="dataprovider.TestData">
        <test-method status="PASS" signature="testCaseThree(java.lang.String, java.lang.Integer)[pri:0, instance:dataprovider.TestData@36f6e879]" name="testCaseThree" duration-ms="32" started-at="2016-12-03T11:44:10Z" data-provider="data" finished-at="2016-12-03T11:44:10Z">
          <params>
            <param index="0">
              <value>
                <![CDATA[TestCase 3]]>
              </value>
            </param>
            <param index="1">
              <value>
                <![CDATA[123]]>
              </value>
            </param>
          </params>
          <reporter-output>
          </reporter-output>
        </test-method> <!-- testCaseThree -->
        <test-method status="PASS" signature="testCaseThree(java.lang.String, java.lang.Integer)[pri:0, instance:dataprovider.TestData@36f6e879]" name="testCaseThree" duration-ms="11" started-at="2016-12-03T11:44:10Z" data-provider="data" finished-at="2016-12-03T11:44:10Z">
          <params>
            <param index="0">
              <value>
                <![CDATA[TestCase 3]]>
              </value>
            </param>
            <param index="1">
              <value>
                <![CDATA[321]]>
              </value>
            </param>
          </params>
          <reporter-output>
          </reporter-output>
        </test-method> <!-- testCaseThree -->
        <test-method status="PASS" signature="testCaseThree(java.lang.String, java.lang.Integer)[pri:0, instance:dataprovider.TestData@36f6e879]" name="testCaseThree" duration-ms="6" started-at="2016-12-03T11:44:10Z" data-provider="data" finished-at="2016-12-03T11:44:10Z">
          <params>
            <param index="0">
              <value>
                <![CDATA[TestCase 3]]>
              </value>
            </param>
            <param index="1">
              <value>
                <![CDATA[456]]>
              </value>
            </param>
          </params>
          <reporter-output>
          </reporter-output>
        </test-method> <!-- testCaseThree -->
      </class> <!-- dataprovider.TestData -->
    </test> <!-- Default test -->
  </suite> <!-- Default suite -->
</testng-results>
